<?xml version="1.0" encoding="UTF-8"?>
<!-- Generated by org.testng.reporters.JUnitReportReporter -->
<testsuite hostname="Karthiks-MacBook-Air.local" failures="0" tests="3" name="com.amazon.mini.Parall" time="16.706" errors="0" timestamp="2023-02-28T17:35:41 IST" skipped="0">
  <testcase classname="com.amazon.mini.Parall" name="browserLaunch1" time="7.917"/>
  <system-out/>
  <testcase classname="com.amazon.mini.Parall" name="browserLaunch3" time="4.482"/>
  <system-out/>
  <testcase classname="com.amazon.mini.Parall" name="browserLaunch2" time="4.307"/>
  <system-out/>
</testsuite> <!-- com.amazon.mini.Parall -->
