<?xml version="1.0" encoding="UTF-8"?>
<!-- Generated by org.testng.reporters.JUnitReportReporter -->
<testsuite hostname="Karthiks-MacBook-Air.local" failures="0" tests="9" name="com.amazon.mini.Amazon_MiniProject" time="62.545" errors="0" timestamp="2023-02-25T19:04:12 IST" skipped="0">
  <testcase classname="com.amazon.mini.Amazon_MiniProject" name="firstProductSecPage" time="29.292"/>
  <system-out/>
  <testcase classname="com.amazon.mini.Amazon_MiniProject" name="dropDown" time="4.835"/>
  <system-out/>
  <testcase classname="com.amazon.mini.Amazon_MiniProject" name="searchBox" time="9.842"/>
  <system-out/>
  <testcase classname="com.amazon.mini.Amazon_MiniProject" name="firstProduct" time="3.414"/>
  <system-out/>
  <testcase classname="com.amazon.mini.Amazon_MiniProject" name="windowSwitch" time="0.076"/>
  <system-out/>
  <testcase classname="com.amazon.mini.Amazon_MiniProject" name="screenShot" time="0.715"/>
  <system-out/>
  <testcase classname="com.amazon.mini.Amazon_MiniProject" name="goToCart" time="3.572"/>
  <system-out/>
  <testcase classname="com.amazon.mini.Amazon_MiniProject" name="compareToProduct" time="3.486"/>
  <system-out/>
  <testcase classname="com.amazon.mini.Amazon_MiniProject" name="proceedToBuy" time="7.313"/>
  <system-out/>
</testsuite> <!-- com.amazon.mini.Amazon_MiniProject -->
